

============================== 2022-10-02 18:20:12.353169 | 354ebc94-72c3-404b-b6c6-8d8ac75fe03b ==============================
[0m18:20:12.353169 [info ] [MainThread]: Running with dbt=1.2.1
[0m18:20:12.353169 [debug] [MainThread]: running dbt with arguments {'write_json': True, 'use_colors': True, 'printer_width': 80, 'version_check': True, 'partial_parse': True, 'static_parser': True, 'profiles_dir': 'C:\\Users\\anuch\\.dbt', 'send_anonymous_usage_stats': True, 'event_buffer_size': 100000, 'quiet': False, 'no_print': False, 'project_name': 'learn_dbt', 'skip_profile_setup': False, 'which': 'init', 'indirect_selection': 'eager'}
[0m18:20:12.353169 [debug] [MainThread]: Tracking: tracking
[0m18:20:12.365271 [debug] [MainThread]: Sending event: {'category': 'dbt', 'action': 'invocation', 'label': 'start', 'context': [<snowplow_tracker.self_describing_json.SelfDescribingJson object at 0x0000012FD7979ED0>, <snowplow_tracker.self_describing_json.SelfDescribingJson object at 0x0000012FD7979AB0>, <snowplow_tracker.self_describing_json.SelfDescribingJson object at 0x0000012FD7979CF0>]}
[0m18:20:12.365271 [info ] [MainThread]: Creating dbt configuration folder at C:\Users\anuch\.dbt
[0m18:20:12.365271 [debug] [MainThread]: Flushing usage events


============================== 2022-10-04 16:57:21.167394 | f8a400b5-d660-440f-9fe5-c38d5cc08545 ==============================
[0m16:57:21.167394 [info ] [MainThread]: Running with dbt=1.2.2
[0m16:57:21.167394 [debug] [MainThread]: running dbt with arguments {'write_json': True, 'use_colors': True, 'printer_width': 80, 'version_check': True, 'partial_parse': True, 'static_parser': True, 'profiles_dir': 'C:\\Users\\anuch\\.dbt', 'send_anonymous_usage_stats': True, 'event_buffer_size': 100000, 'quiet': False, 'no_print': False, 'project_name': 'hrst_dbt_poc', 'skip_profile_setup': False, 'which': 'init', 'indirect_selection': 'eager'}
[0m16:57:21.167394 [debug] [MainThread]: Tracking: tracking
[0m16:57:21.180583 [debug] [MainThread]: Sending event: {'category': 'dbt', 'action': 'invocation', 'label': 'start', 'context': [<snowplow_tracker.self_describing_json.SelfDescribingJson object at 0x000002328EB6AC20>, <snowplow_tracker.self_describing_json.SelfDescribingJson object at 0x000002328EB6AFE0>, <snowplow_tracker.self_describing_json.SelfDescribingJson object at 0x000002328EB6AE30>]}
[0m16:57:21.180583 [debug] [MainThread]: Starter project path: C:\Users\anuch\PycharmProjects\pythonProject\venv\lib\site-packages\dbt\include\starter_project
[0m17:28:03.130437 [debug] [MainThread]: Sending event: {'category': 'dbt', 'action': 'invocation', 'label': 'end', 'context': [<snowplow_tracker.self_describing_json.SelfDescribingJson object at 0x000002328EB37520>, <snowplow_tracker.self_describing_json.SelfDescribingJson object at 0x000002328EB37130>, <snowplow_tracker.self_describing_json.SelfDescribingJson object at 0x000002328EB36410>]}
[0m17:28:03.130437 [debug] [MainThread]: Flushing usage events
[0m17:28:03.347344 [error] [MainThread]: Encountered an error:

[0m17:28:03.368713 [error] [MainThread]: Traceback (most recent call last):
  File "C:\Users\anuch\PycharmProjects\pythonProject\venv\lib\site-packages\dbt\main.py", line 129, in main
    results, succeeded = handle_and_check(args)
  File "C:\Users\anuch\PycharmProjects\pythonProject\venv\lib\site-packages\dbt\main.py", line 191, in handle_and_check
    task, res = run_from_args(parsed)
  File "C:\Users\anuch\PycharmProjects\pythonProject\venv\lib\site-packages\dbt\main.py", line 238, in run_from_args
    results = task.run()
  File "C:\Users\anuch\PycharmProjects\pythonProject\venv\lib\site-packages\dbt\task\init.py", line 325, in run
    adapter = self.ask_for_adapter_choice()
  File "C:\Users\anuch\PycharmProjects\pythonProject\venv\lib\site-packages\dbt\task\init.py", line 255, in ask_for_adapter_choice
    numeric_choice = click.prompt(prompt_msg, type=click.INT)
  File "C:\Users\anuch\PycharmProjects\pythonProject\venv\lib\site-packages\click\termui.py", line 166, in prompt
    value = prompt_func(prompt)
  File "C:\Users\anuch\PycharmProjects\pythonProject\venv\lib\site-packages\click\termui.py", line 149, in prompt_func
    raise Abort() from None
click.exceptions.Abort

