

============================== 2023-01-02 16:47:07.931959 | 944e3146-7d37-4853-a06c-2414b741e614 ==============================
[0m16:47:07.931959 [info ] [MainThread]: Running with dbt=1.3.1
[0m16:47:07.932938 [debug] [MainThread]: running dbt with arguments {'write_json': True, 'use_colors': True, 'printer_width': 80, 'version_check': True, 'partial_parse': True, 'static_parser': True, 'profiles_dir': 'C:\\Users\\anuch\\.dbt', 'send_anonymous_usage_stats': True, 'event_buffer_size': 100000, 'quiet': False, 'no_print': False, 'project_name': 'dbt_pentaho', 'skip_profile_setup': False, 'which': 'init', 'indirect_selection': 'eager'}
[0m16:47:07.932938 [debug] [MainThread]: Tracking: tracking
[0m16:47:07.972950 [debug] [MainThread]: Sending event: {'category': 'dbt', 'action': 'invocation', 'label': 'start', 'context': [<snowplow_tracker.self_describing_json.SelfDescribingJson object at 0x000001D5E3926290>, <snowplow_tracker.self_describing_json.SelfDescribingJson object at 0x000001D5E3927010>, <snowplow_tracker.self_describing_json.SelfDescribingJson object at 0x000001D5E3926B30>]}
[0m16:47:07.974973 [debug] [MainThread]: Starter project path: C:\Users\anuch\PycharmProjects\dbt-postgres\venv\lib\site-packages\dbt\include\starter_project
[0m16:47:10.967435 [info ] [MainThread]: 
Your new dbt project "dbt_pentaho" was created!

For more information on how to configure the profiles.yml file,
please consult the dbt documentation here:

  https://docs.getdbt.com/docs/configure-your-profile

One more thing:

Need help? Don't hesitate to reach out to us via GitHub issues or on Slack:

  https://community.getdbt.com/

Happy modeling!

[0m16:47:10.968438 [debug] [MainThread]: Sending event: {'category': 'dbt', 'action': 'invocation', 'label': 'end', 'context': [<snowplow_tracker.self_describing_json.SelfDescribingJson object at 0x000001D5E3926C20>, <snowplow_tracker.self_describing_json.SelfDescribingJson object at 0x000001D5E3927130>, <snowplow_tracker.self_describing_json.SelfDescribingJson object at 0x000001D5E39251E0>]}
[0m16:47:10.968438 [debug] [MainThread]: Flushing usage events


============================== 2023-01-02 16:53:57.942181 | cb703504-3fa0-49fe-864e-6cece0dab9e2 ==============================
[0m16:53:57.942181 [info ] [MainThread]: Running with dbt=1.3.1
[0m16:53:57.942181 [debug] [MainThread]: running dbt with arguments {'write_json': True, 'use_colors': True, 'printer_width': 80, 'version_check': True, 'partial_parse': True, 'static_parser': True, 'profiles_dir': 'C:\\Users\\anuch\\.dbt', 'send_anonymous_usage_stats': True, 'event_buffer_size': 100000, 'quiet': False, 'no_print': False, 'config_dir': False, 'which': 'debug', 'indirect_selection': 'eager'}
[0m16:53:57.943165 [debug] [MainThread]: Tracking: tracking
[0m16:53:57.953803 [debug] [MainThread]: Sending event: {'category': 'dbt', 'action': 'invocation', 'label': 'start', 'context': [<snowplow_tracker.self_describing_json.SelfDescribingJson object at 0x0000028AEC7761D0>, <snowplow_tracker.self_describing_json.SelfDescribingJson object at 0x0000028AEC776CB0>, <snowplow_tracker.self_describing_json.SelfDescribingJson object at 0x0000028AEC7768F0>]}
[0m16:53:57.957829 [info ] [MainThread]: Error importing adapter: No module named 'dbt.adapters.redshift'
[0m16:53:57.963023 [info ] [MainThread]: Error importing adapter: No module named 'dbt.adapters.redshift'
[0m16:53:57.965024 [info ] [MainThread]: Error importing adapter: No module named 'dbt.adapters.redshift'
[0m16:53:57.968023 [info ] [MainThread]: Error importing adapter: No module named 'dbt.adapters.redshift'
[0m16:53:57.997418 [debug] [MainThread]: Executing "git --help"
[0m16:53:58.082543 [debug] [MainThread]: STDOUT: "b"usage: git [-v | --version] [-h | --help] [-C <path>] [-c <name>=<value>]\n           [--exec-path[=<path>]] [--html-path] [--man-path] [--info-path]\n           [-p | --paginate | -P | --no-pager] [--no-replace-objects] [--bare]\n           [--git-dir=<path>] [--work-tree=<path>] [--namespace=<name>]\n           [--super-prefix=<path>] [--config-env=<name>=<envvar>]\n           <command> [<args>]\n\nThese are common Git commands used in various situations:\n\nstart a working area (see also: git help tutorial)\n   clone     Clone a repository into a new directory\n   init      Create an empty Git repository or reinitialize an existing one\n\nwork on the current change (see also: git help everyday)\n   add       Add file contents to the index\n   mv        Move or rename a file, a directory, or a symlink\n   restore   Restore working tree files\n   rm        Remove files from the working tree and from the index\n\nexamine the history and state (see also: git help revisions)\n   bisect    Use binary search to find the commit that introduced a bug\n   diff      Show changes between commits, commit and working tree, etc\n   grep      Print lines matching a pattern\n   log       Show commit logs\n   show      Show various types of objects\n   status    Show the working tree status\n\ngrow, mark and tweak your common history\n   branch    List, create, or delete branches\n   commit    Record changes to the repository\n   merge     Join two or more development histories together\n   rebase    Reapply commits on top of another base tip\n   reset     Reset current HEAD to the specified state\n   switch    Switch branches\n   tag       Create, list, delete or verify a tag object signed with GPG\n\ncollaborate (see also: git help workflows)\n   fetch     Download objects and refs from another repository\n   pull      Fetch from and integrate with another repository or a local branch\n   push      Update remote refs along with associated objects\n\n'git help -a' and 'git help -g' list available subcommands and some\nconcept guides. See 'git help <command>' or 'git help <concept>'\nto read about a specific subcommand or concept.\nSee 'git help git' for an overview of the system.\n""
[0m16:53:58.083461 [debug] [MainThread]: STDERR: "b''"
[0m16:53:58.085423 [debug] [MainThread]: Sending event: {'category': 'dbt', 'action': 'invocation', 'label': 'end', 'context': [<snowplow_tracker.self_describing_json.SelfDescribingJson object at 0x0000028AEC876950>, <snowplow_tracker.self_describing_json.SelfDescribingJson object at 0x0000028AEC877E50>, <snowplow_tracker.self_describing_json.SelfDescribingJson object at 0x0000028AEC874CD0>]}
[0m16:53:58.085423 [debug] [MainThread]: Flushing usage events
